2025-05-30 16:32:41,152 [INFO] Activator:176 - 


2025-05-30 16:32:41,159 [INFO] Activator:177 - !SESSION log4j initialized
2025-05-30 16:32:47,556 [INFO] LogOutputStream:77 - [STDOUT_REDIRECT] 
2025-05-30 16:32:54,043 [INFO] ApplicationProperties:184 - Using Application install path: C:\ST\STM32CubeIDE_1.17.0\STM32CubeIDE\plugins\com.st.stm32cube.common.mx_6.13.0.202411220809
2025-05-30 16:32:54,089 [INFO] DbMcusXml:78 - Set database path to: C:\ST\STM32CubeIDE_1.17.0\STM32CubeIDE\plugins\com.st.stm32cube.common.mx_6.13.0.202411220809\\db\/mcu/
2025-05-30 16:32:54,090 [INFO] ApiDb:274 - Set plugin database path to: C:\ST\STM32CubeIDE_1.17.0\STM32CubeIDE\plugins\com.st.stm32cube.common.mx_6.13.0.202411220809\\db\/plugins/boardmanager/
2025-05-30 16:32:54,097 [WARN] ApiDb:259 - Overriding images path with different value:  => C:\ST\STM32CubeIDE_1.17.0\STM32CubeIDE\plugins\com.st.stm32cube.common.mx_6.13.0.202411220809\\db\/plugins/mcufinder/images/
2025-05-30 16:32:54,109 [INFO] ApiDb:250 - Set database path to: C:\Users\andro\.stmcufinder\plugins\mcufinder//mcu/
2025-05-30 16:32:54,112 [INFO] DbMcusAds:125 - Set database path to: C:\Users\andro\.stmcufinder\plugins\mcufinder//mcu/
2025-05-30 16:32:54,120 [INFO] CrossReferenceDbSqlite:203 - Set database path to: C:\Users\andro\.stmcufinder\plugins\mcufinder//mcu/cs/
2025-05-30 16:32:54,454 [INFO] RulesReader:64 - Compatibility file has been processed (297 Rules)
2025-05-30 16:32:54,690 [INFO] DbMcusXml:78 - Set database path to: C:\ST\STM32CubeIDE_1.17.0\STM32CubeIDE\plugins\com.st.stm32cube.common.mx_6.13.0.202411220809\\db\/mcu/
2025-05-30 16:32:54,691 [INFO] ApiDb:274 - Set plugin database path to: C:\ST\STM32CubeIDE_1.17.0\STM32CubeIDE\plugins\com.st.stm32cube.common.mx_6.13.0.202411220809\\db\/plugins/boardmanager/
2025-05-30 16:32:54,691 [INFO] ApiDb:261 - Set plugin images path to: C:\ST\STM32CubeIDE_1.17.0\STM32CubeIDE\plugins\com.st.stm32cube.common.mx_6.13.0.202411220809\\db\/plugins/mcufinder/images/
2025-05-30 16:32:54,692 [WARN] DbFile:41 - Overriding database path with different value: C:\Users\andro\.stmcufinder\plugins\mcufinder/ => C:\Users\andro\.stmcufinder\plugins\mcufinder
2025-05-30 16:32:54,692 [INFO] ApiDb:250 - Set database path to: C:\Users\andro\.stmcufinder\plugins\mcufinder//mcu/
2025-05-30 16:32:54,692 [WARN] DbFile:41 - Overriding database path with different value: C:\Users\andro\.stmcufinder\plugins\mcufinder/ => C:\Users\andro\.stmcufinder\plugins\mcufinder
2025-05-30 16:32:54,693 [INFO] DbMcusAds:125 - Set database path to: C:\Users\andro\.stmcufinder\plugins\mcufinder//mcu/
2025-05-30 16:32:54,693 [WARN] DbFile:41 - Overriding database path with different value: C:\Users\andro\.stmcufinder\plugins\mcufinder/ => C:\Users\andro\.stmcufinder\plugins\mcufinder
2025-05-30 16:32:54,693 [WARN] DbFile:41 - Overriding database path with different value: C:\Users\andro\.stmcufinder\plugins\mcufinder/ => C:\Users\andro\.stmcufinder\plugins\mcufinder
2025-05-30 16:32:54,694 [INFO] CrossReferenceDbSqlite:203 - Set database path to: C:\Users\andro\.stmcufinder\plugins\mcufinder//mcu/cs/
2025-05-30 16:32:54,878 [INFO] MainPanel:272 - HeapMemory: 268435456
2025-05-30 16:32:55,087 [INFO] DbMcusXml:78 - Set database path to: C:\ST\STM32CubeIDE_1.17.0\STM32CubeIDE\plugins\com.st.stm32cube.common.mx_6.13.0.202411220809\\db\/mcu/
2025-05-30 16:32:55,087 [INFO] ApiDb:274 - Set plugin database path to: C:\ST\STM32CubeIDE_1.17.0\STM32CubeIDE\plugins\com.st.stm32cube.common.mx_6.13.0.202411220809\\db\/plugins/boardmanager/
2025-05-30 16:32:55,088 [INFO] ApiDb:261 - Set plugin images path to: C:\ST\STM32CubeIDE_1.17.0\STM32CubeIDE\plugins\com.st.stm32cube.common.mx_6.13.0.202411220809\\db\/plugins/mcufinder/images/
2025-05-30 16:32:55,089 [WARN] DbFile:41 - Overriding database path with different value: C:\Users\andro\.stmcufinder\plugins\mcufinder/ => C:\Users\andro\.stmcufinder\plugins\mcufinder
2025-05-30 16:32:55,089 [INFO] ApiDb:250 - Set database path to: C:\Users\andro\.stmcufinder\plugins\mcufinder//mcu/
2025-05-30 16:32:55,090 [WARN] DbFile:41 - Overriding database path with different value: C:\Users\andro\.stmcufinder\plugins\mcufinder/ => C:\Users\andro\.stmcufinder\plugins\mcufinder
2025-05-30 16:32:55,090 [INFO] DbMcusAds:125 - Set database path to: C:\Users\andro\.stmcufinder\plugins\mcufinder//mcu/
2025-05-30 16:32:55,090 [WARN] DbFile:41 - Overriding database path with different value: C:\Users\andro\.stmcufinder\plugins\mcufinder/ => C:\Users\andro\.stmcufinder\plugins\mcufinder
2025-05-30 16:32:55,091 [WARN] DbFile:41 - Overriding database path with different value: C:\Users\andro\.stmcufinder\plugins\mcufinder/ => C:\Users\andro\.stmcufinder\plugins\mcufinder
2025-05-30 16:32:55,091 [INFO] CrossReferenceDbSqlite:203 - Set database path to: C:\Users\andro\.stmcufinder\plugins\mcufinder//mcu/cs/
2025-05-30 16:32:55,148 [INFO] ApplicationProperties:184 - Using Application install path: C:\ST\STM32CubeIDE_1.17.0\STM32CubeIDE\plugins\com.st.stm32cube.common.mx_6.13.0.202411220809
2025-05-30 16:32:55,152 [INFO] PluginManage:196 - Search for loadable plugins [exclusion list=, ]
2025-05-30 16:32:55,155 [INFO] PluginManage:310 - Check plugin analytics
2025-05-30 16:32:55,778 [INFO] AnalyticsPlugin:253 - Accepted Software Licenses: 
2025-05-30 16:32:55,779 [INFO] AnalyticsPlugin:255 - Accepted CMSIS Pack Licenses: 
2025-05-30 16:32:55,779 [INFO] AnalyticsPlugin:257 - Accepted Firmware Licenses: 
2025-05-30 16:32:55,792 [INFO] PluginManage:359 - Loaded plugin analytics (category:tool,tabindex:-1)
2025-05-30 16:32:55,794 [INFO] PluginManage:310 - Check plugin cadmodel
2025-05-30 16:32:55,814 [INFO] CADModel:105 - Init CAD model plugin
2025-05-30 16:32:55,815 [INFO] PluginManage:359 - Loaded plugin cadmodel (category:power,tabindex:5)
2025-05-30 16:32:55,816 [INFO] PluginManage:310 - Check plugin clock
2025-05-30 16:32:55,851 [INFO] PluginManage:359 - Loaded plugin clock (category:base,tabindex:2)
2025-05-30 16:32:55,851 [INFO] PluginManage:310 - Check plugin ddr
2025-05-30 16:32:55,857 [INFO] PluginManage:359 - Loaded plugin ddr (category:tool,tabindex:6)
2025-05-30 16:32:55,857 [INFO] PluginManage:310 - Check plugin filemanager
2025-05-30 16:32:56,416 [INFO] PluginManage:359 - Loaded plugin filemanager (category:base,tabindex:10)
2025-05-30 16:32:56,417 [INFO] PluginManage:310 - Check plugin ipmanager
2025-05-30 16:32:56,485 [INFO] PluginManage:359 - Loaded plugin ipmanager (category:base,tabindex:5)
2025-05-30 16:32:56,486 [INFO] PluginManage:310 - Check plugin lpbam
2025-05-30 16:32:56,516 [INFO] PluginManage:359 - Loaded plugin lpbam (category:base,tabindex:0)
2025-05-30 16:32:56,517 [INFO] PluginManage:310 - Check plugin memorymap
2025-05-30 16:32:56,554 [INFO] PluginManage:359 - Loaded plugin memorymap (category:base,tabindex:4)
2025-05-30 16:32:56,555 [INFO] PluginManage:310 - Check plugin pinoutandconfiguration
2025-05-30 16:32:56,573 [INFO] PluginManage:359 - Loaded plugin pinoutandconfiguration (category:base,tabindex:1)
2025-05-30 16:32:56,573 [INFO] PluginManage:310 - Check plugin pinoutconfig
2025-05-30 16:32:56,821 [WARN] SupportedApi:132 - Cannot load RTOS API schema: s4s-elt-must-match.1: The content of 'definitions' must match (annotation?, (simpleType | complexType)?, (unique | key | keyref)*)). A problem was found starting at: attribute.
2025-05-30 16:32:57,346 [INFO] PluginManage:359 - Loaded plugin pinoutconfig (category:base,tabindex:0)
2025-05-30 16:32:57,346 [INFO] PluginManage:310 - Check plugin power
2025-05-30 16:32:57,371 [INFO] PluginManage:359 - Loaded plugin power (category:power,tabindex:4)
2025-05-30 16:32:57,371 [INFO] PluginManage:310 - Check plugin projectmanager
2025-05-30 16:32:57,414 [INFO] PluginManage:359 - Loaded plugin projectmanager (category:projectmanager,tabindex:4)
2025-05-30 16:32:57,415 [INFO] PluginManage:310 - Check plugin rif
2025-05-30 16:32:57,427 [INFO] PluginManage:359 - Loaded plugin rif (category:base,tabindex:3)
2025-05-30 16:32:57,427 [INFO] PluginManage:310 - Check plugin thirdparty
2025-05-30 16:32:57,733 [INFO] PluginManage:359 - Loaded plugin thirdparty (category:base,tabindex:-1)
2025-05-30 16:32:57,734 [INFO] PluginManage:310 - Check plugin tools
2025-05-30 16:32:57,733 [WARN] IntegrityCheckThread:84 - waiting for thirdparty lock release [integrity check]
2025-05-30 16:32:57,736 [INFO] IntegrityCheckThread:86 - entering critical section [integrity check]
2025-05-30 16:32:57,737 [INFO] ThirdPartyUpdaterWithRetryManager:70 - Updater plugin not ready yet. [1/15]
2025-05-30 16:32:57,741 [INFO] PluginManage:359 - Loaded plugin tools (category:base,tabindex:7)
2025-05-30 16:32:57,742 [INFO] PluginManage:310 - Check plugin tutovideos
2025-05-30 16:32:58,139 [INFO] PluginManage:359 - Loaded plugin tutovideos (category:base,tabindex:-1)
2025-05-30 16:32:58,139 [INFO] PluginManage:310 - Check plugin updater
2025-05-30 16:32:58,196 [INFO] PluginManage:359 - Loaded plugin updater (category:base,tabindex:12)
2025-05-30 16:32:58,196 [INFO] PluginManage:310 - Check plugin userauth
2025-05-30 16:32:58,205 [INFO] UserAuth:118 - Init User Auth plugin
2025-05-30 16:32:58,208 [INFO] PluginManage:359 - Loaded plugin userauth (category:base,tabindex:14)
2025-05-30 16:32:58,211 [INFO] PluginManage:283 - PluginManage : Loaded plugins [18]
2025-05-30 16:32:58,876 [INFO] PinOutPanel:1589 - setPackage(No Configuration,No Configuration)
2025-05-30 16:32:59,145 [INFO] CADModel:165 - CPN selected for project level
2025-05-30 16:32:59,145 [INFO] CADModel:114 - Register for checkConnection events
2025-05-30 16:32:59,179 [INFO] IPUIPlugin:80 - create IPUIPlugin
2025-05-30 16:32:59,180 [INFO] PluginManager:220 - loadIPPluginJar : add adc
2025-05-30 16:32:59,186 [INFO] IPUIPlugin:80 - create IPUIPlugin
2025-05-30 16:32:59,187 [INFO] PluginManager:220 - loadIPPluginJar : add aes
2025-05-30 16:32:59,192 [INFO] IPUIPlugin:80 - create IPUIPlugin
2025-05-30 16:32:59,193 [INFO] PluginManager:220 - loadIPPluginJar : add can
2025-05-30 16:32:59,197 [INFO] IPUIPlugin:80 - create IPUIPlugin
2025-05-30 16:32:59,197 [INFO] PluginManager:220 - loadIPPluginJar : add comp
2025-05-30 16:32:59,202 [INFO] IPUIPlugin:80 - create IPUIPlugin
2025-05-30 16:32:59,203 [INFO] PluginManager:220 - loadIPPluginJar : add cryp
2025-05-30 16:32:59,209 [INFO] IPUIPlugin:80 - create IPUIPlugin
2025-05-30 16:32:59,210 [INFO] PluginManager:220 - loadIPPluginJar : add ddr_ctrl_phy
2025-05-30 16:32:59,215 [INFO] IPUIPlugin:80 - create IPUIPlugin
2025-05-30 16:32:59,215 [INFO] PluginManager:220 - loadIPPluginJar : add dfsdm
2025-05-30 16:32:59,226 [INFO] IPUIPlugin:80 - create IPUIPlugin
2025-05-30 16:32:59,227 [INFO] PluginManager:220 - loadIPPluginJar : add dma
2025-05-30 16:32:59,232 [INFO] IPUIPlugin:80 - create IPUIPlugin
2025-05-30 16:32:59,232 [INFO] PluginManager:220 - loadIPPluginJar : add dma3
2025-05-30 16:32:59,237 [INFO] IPUIPlugin:80 - create IPUIPlugin
2025-05-30 16:32:59,238 [INFO] PluginManager:220 - loadIPPluginJar : add extmemmanager
2025-05-30 16:32:59,241 [INFO] IPUIPlugin:80 - create IPUIPlugin
2025-05-30 16:32:59,241 [INFO] PluginManager:220 - loadIPPluginJar : add fatfs
2025-05-30 16:32:59,253 [INFO] IPUIPlugin:80 - create IPUIPlugin
2025-05-30 16:32:59,253 [INFO] PluginManager:220 - loadIPPluginJar : add fmc
2025-05-30 16:32:59,268 [INFO] IPUIPlugin:80 - create IPUIPlugin
2025-05-30 16:32:59,269 [INFO] PluginManager:220 - loadIPPluginJar : add freertos
2025-05-30 16:32:59,274 [INFO] IPUIPlugin:80 - create IPUIPlugin
2025-05-30 16:32:59,274 [INFO] PluginManager:220 - loadIPPluginJar : add genericplugin
2025-05-30 16:32:59,282 [INFO] IPUIPlugin:80 - create IPUIPlugin
2025-05-30 16:32:59,282 [INFO] PluginManager:220 - loadIPPluginJar : add gfxmmu
2025-05-30 16:32:59,296 [INFO] IPUIPlugin:80 - create IPUIPlugin
2025-05-30 16:32:59,297 [INFO] PluginManager:220 - loadIPPluginJar : add gic
2025-05-30 16:32:59,309 [INFO] IPUIPlugin:80 - create IPUIPlugin
2025-05-30 16:32:59,309 [INFO] PluginManager:220 - loadIPPluginJar : add gpio
2025-05-30 16:32:59,317 [INFO] IPUIPlugin:80 - create IPUIPlugin
2025-05-30 16:32:59,317 [INFO] PluginManager:220 - loadIPPluginJar : add gtzc
2025-05-30 16:32:59,324 [INFO] IPUIPlugin:80 - create IPUIPlugin
2025-05-30 16:32:59,324 [INFO] PluginManager:220 - loadIPPluginJar : add hash
2025-05-30 16:32:59,332 [INFO] IPUIPlugin:80 - create IPUIPlugin
2025-05-30 16:32:59,332 [INFO] PluginManager:220 - loadIPPluginJar : add i2c
2025-05-30 16:32:59,338 [INFO] IPUIPlugin:80 - create IPUIPlugin
2025-05-30 16:32:59,339 [INFO] PluginManager:220 - loadIPPluginJar : add i2s
2025-05-30 16:32:59,348 [INFO] IPUIPlugin:80 - create IPUIPlugin
2025-05-30 16:32:59,348 [INFO] PluginManager:220 - loadIPPluginJar : add i3c
2025-05-30 16:32:59,354 [INFO] IPUIPlugin:80 - create IPUIPlugin
2025-05-30 16:32:59,354 [INFO] PluginManager:220 - loadIPPluginJar : add ipddr
2025-05-30 16:32:59,368 [INFO] IPUIPlugin:80 - create IPUIPlugin
2025-05-30 16:32:59,369 [INFO] PluginManager:220 - loadIPPluginJar : add linkedlist
2025-05-30 16:32:59,378 [INFO] IPUIPlugin:80 - create IPUIPlugin
2025-05-30 16:32:59,379 [INFO] PluginManager:220 - loadIPPluginJar : add lorawan
2025-05-30 16:32:59,384 [INFO] IPUIPlugin:80 - create IPUIPlugin
2025-05-30 16:32:59,384 [INFO] PluginManager:220 - loadIPPluginJar : add ltdc
2025-05-30 16:32:59,401 [INFO] IPUIPlugin:80 - create IPUIPlugin
2025-05-30 16:32:59,455 [INFO] PluginManager:220 - loadIPPluginJar : add mdma
2025-05-30 16:32:59,480 [INFO] IPUIPlugin:80 - create IPUIPlugin
2025-05-30 16:32:59,480 [INFO] PluginManager:220 - loadIPPluginJar : add nvic
2025-05-30 16:32:59,494 [INFO] IPUIPlugin:80 - create IPUIPlugin
2025-05-30 16:32:59,495 [INFO] PluginManager:220 - loadIPPluginJar : add opamp
2025-05-30 16:32:59,530 [INFO] IPUIPlugin:80 - create IPUIPlugin
2025-05-30 16:32:59,539 [INFO] PluginManager:220 - loadIPPluginJar : add openamp
2025-05-30 16:32:59,554 [INFO] IPUIPlugin:80 - create IPUIPlugin
2025-05-30 16:32:59,554 [INFO] PluginManager:220 - loadIPPluginJar : add pdm2pcm
2025-05-30 16:32:59,581 [INFO] IPUIPlugin:80 - create IPUIPlugin
2025-05-30 16:32:59,606 [INFO] PluginManager:220 - loadIPPluginJar : add plateformsettings
2025-05-30 16:32:59,618 [INFO] IPUIPlugin:80 - create IPUIPlugin
2025-05-30 16:32:59,622 [INFO] PluginManager:220 - loadIPPluginJar : add quadspi
2025-05-30 16:32:59,636 [INFO] IPUIPlugin:80 - create IPUIPlugin
2025-05-30 16:32:59,640 [INFO] PluginManager:220 - loadIPPluginJar : add radio
2025-05-30 16:32:59,647 [INFO] IPUIPlugin:80 - create IPUIPlugin
2025-05-30 16:32:59,648 [INFO] PluginManager:220 - loadIPPluginJar : add resmgrutility
2025-05-30 16:32:59,655 [INFO] IPUIPlugin:80 - create IPUIPlugin
2025-05-30 16:32:59,656 [INFO] PluginManager:220 - loadIPPluginJar : add sai
2025-05-30 16:32:59,667 [INFO] IPUIPlugin:80 - create IPUIPlugin
2025-05-30 16:32:59,668 [INFO] PluginManager:220 - loadIPPluginJar : add spi
2025-05-30 16:32:59,684 [INFO] IPUIPlugin:80 - create IPUIPlugin
2025-05-30 16:32:59,684 [INFO] PluginManager:220 - loadIPPluginJar : add stm32_wpan
2025-05-30 16:32:59,692 [INFO] IPUIPlugin:80 - create IPUIPlugin
2025-05-30 16:32:59,693 [INFO] PluginManager:220 - loadIPPluginJar : add tim
2025-05-30 16:32:59,702 [INFO] IPUIPlugin:80 - create IPUIPlugin
2025-05-30 16:32:59,703 [INFO] PluginManager:220 - loadIPPluginJar : add touchsensing
2025-05-30 16:32:59,722 [INFO] IPUIPlugin:80 - create IPUIPlugin
2025-05-30 16:32:59,722 [INFO] PluginManager:220 - loadIPPluginJar : add tracer_emb
2025-05-30 16:32:59,730 [INFO] IPUIPlugin:80 - create IPUIPlugin
2025-05-30 16:32:59,737 [INFO] PluginManager:220 - loadIPPluginJar : add ts
2025-05-30 16:32:59,749 [INFO] IPUIPlugin:80 - create IPUIPlugin
2025-05-30 16:32:59,749 [INFO] PluginManager:220 - loadIPPluginJar : add tsc
2025-05-30 16:32:59,771 [INFO] IPUIPlugin:80 - create IPUIPlugin
2025-05-30 16:32:59,772 [INFO] PluginManager:220 - loadIPPluginJar : add ucpd
2025-05-30 16:32:59,824 [INFO] IPUIPlugin:80 - create IPUIPlugin
2025-05-30 16:32:59,825 [INFO] PluginManager:220 - loadIPPluginJar : add usart
2025-05-30 16:32:59,848 [INFO] IPUIPlugin:80 - create IPUIPlugin
2025-05-30 16:32:59,865 [INFO] PluginManager:220 - loadIPPluginJar : add usbx
2025-05-30 16:33:00,519 [FATAL] Updater:351 - Updater called before beeing initialized
2025-05-30 16:33:00,788 [INFO] ThirdPartyUpdaterWithRetryManager:70 - Updater plugin not ready yet. [2/15]
2025-05-30 16:33:01,008 [INFO] RulesReader:64 - Compatibility file has been processed (297 Rules)
2025-05-30 16:33:01,245 [INFO] RulesReader:64 - Compatibility file has been processed (297 Rules)
2025-05-30 16:33:01,431 [INFO] CADModel:165 - CPN selected for project level
2025-05-30 16:33:01,431 [INFO] CADModel:114 - Register for checkConnection events
2025-05-30 16:33:01,431 [FATAL] Updater:351 - Updater called before beeing initialized
2025-05-30 16:33:01,432 [ERROR] CADModel:125 - Updater not yet initialized, retry later 
2025-05-30 16:33:02,143 [FATAL] Updater:351 - Updater called before beeing initialized
2025-05-30 16:33:02,147 [INFO] CADModel:165 - CPN selected for project level
2025-05-30 16:33:02,147 [INFO] CADModel:114 - Register for checkConnection events
2025-05-30 16:33:02,148 [FATAL] Updater:351 - Updater called before beeing initialized
2025-05-30 16:33:02,148 [ERROR] CADModel:125 - Updater not yet initialized, retry later 
2025-05-30 16:33:02,157 [FATAL] Updater:351 - Updater called before beeing initialized
2025-05-30 16:33:02,483 [FATAL] Updater:351 - Updater called before beeing initialized
2025-05-30 16:33:02,494 [INFO] DbMcusAds:53 - JSON generation date=Thu Mar 06 11:54:22 ART 2025 (1741272862078)
2025-05-30 16:33:02,494 [FATAL] Updater:351 - Updater called before beeing initialized
2025-05-30 16:33:02,667 [WARN] DetailPanel:346 - Failed to get advertising image, set to default
2025-05-30 16:33:03,475 [FATAL] Updater:351 - Updater called before beeing initialized
2025-05-30 16:33:03,511 [FATAL] Updater:351 - Updater called before beeing initialized
2025-05-30 16:33:03,512 [FATAL] Updater:351 - Updater called before beeing initialized
2025-05-30 16:33:03,514 [WARN] DetailPanel:346 - Failed to get advertising image, set to default
2025-05-30 16:33:03,523 [FATAL] Updater:351 - Updater called before beeing initialized
2025-05-30 16:33:03,730 [ERROR] Updater:1198 - MainUpdater not yet initialized. External WinMGr cannot be set.
2025-05-30 16:33:03,734 [INFO] Updater:1134 - Updater Version found : 6.13.0
2025-05-30 16:33:03,769 [INFO] ApplicationProperties:184 - Using Application install path: C:\ST\STM32CubeIDE_1.17.0\STM32CubeIDE\plugins\com.st.stm32cube.common.mx_6.13.0.202411220809
2025-05-30 16:33:03,796 [FATAL] Updater:351 - Updater called before beeing initialized
2025-05-30 16:33:03,798 [ERROR] IntegrityCheckThread:130 - Cannot retrieve database content from updater: error 21
2025-05-30 16:33:03,798 [INFO] ThirdParty:978 - Integrity check success = false
2025-05-30 16:33:03,798 [INFO] IntegrityCheckThread:100 - exiting critical section [integrity check]
2025-05-30 16:33:03,798 [INFO] IntegrityCheckThread:103 - End integrity checks thread
2025-05-30 16:33:05,430 [ERROR] LogOutputStream:75 - [STDERR_REDIRECT] May 30, 2025 4:33:05 PM java.util.prefs.WindowsPreferences <init>
2025-05-30 16:33:05,440 [ERROR] LogOutputStream:75 - [STDERR_REDIRECT] WARNING: Could not open/create prefs root node Software\JavaSoft\Prefs at root 0xffffffff80000002. Windows RegCreateKeyEx(...) returned error code 5.
2025-05-30 16:33:05,440 [ERROR] LogOutputStream:75 - [STDERR_REDIRECT] 
2025-05-30 16:33:06,343 [INFO] MainUpdater:2872 - connection check result : 10
2025-05-30 16:33:06,347 [INFO] MainUpdater:289 - Updater Check For Update Now.
2025-05-30 16:33:06,348 [INFO] MicroXplorer:498 - Change Database Version : DB.6.0.130
2025-05-30 16:33:06,429 [INFO] McuFinderGlobals:63 - Set McuFinder mode to 2 (CubeIDE integrated)
2025-05-30 16:33:06,430 [INFO] UserAuth:171 - activating auth plugin
2025-05-30 16:33:06,457 [INFO] UserAuth:486 - Internet connection configuration mode: 1
2025-05-30 16:33:06,523 [INFO] JxBrowserEngine:152 - Initiate JxBrowser Engine with user profile folder
2025-05-30 16:33:06,807 [INFO] CheckServerUpdateThread:120 - End of CheckServer Thread
2025-05-30 16:33:08,135 [INFO] WebApp:168 - Instantiating new browser for Auth
2025-05-30 16:33:10,562 [INFO] WebApp:449 - Apply proxy settings
2025-05-30 16:33:10,562 [INFO] WebApp:534 - Chromium requires no authentication
2025-05-30 16:33:10,582 [INFO] WebApp:477 - Direct internet connection detected
2025-05-30 16:33:10,649 [INFO] WebApp:880 - Register for checkConnection events
2025-05-30 16:33:10,649 [INFO] WebApp:449 - Apply proxy settings
2025-05-30 16:33:10,650 [INFO] WebApp:534 - Chromium requires no authentication
2025-05-30 16:33:10,653 [INFO] WebApp:477 - Direct internet connection detected
2025-05-30 16:33:10,910 [INFO] WebApp:187 - Connection restablished
2025-05-30 16:33:11,344 [INFO] WebApp:221 - Starting web application
2025-05-30 16:33:11,344 [INFO] WebApp:579 - Web application path used C:\ST\STM32CubeIDE_1.17.0\STM32CubeIDE\plugins\com.st.stm32cube.common.mx_6.13.0.202411220809\db\plugins\mcufinder\reactClient1\index.html
